<?xml version="1.0" encoding="UTF-8"?>
<testsuite xmlns:xsi="http://www.w3.org/2001/XMLSchema-instance" xsi:noNamespaceSchemaLocation="https://maven.apache.org/surefire/maven-surefire-plugin/xsd/surefire-test-report-3.0.xsd" version="3.0" name="com.globalcodingc.gcc.GccApplicationTests" time="3.411" tests="1" errors="0" skipped="0" failures="0">
  <properties>
[...]
</properties>
  <testcase name="contextLoads" classname="com.globalcodingc.gcc.GccApplicationTests" time="0.973">
    <system-out><![CDATA[18:17:38.815 [main] INFO org.springframework.test.context.support.AnnotationConfigContextLoaderUtils -- Could not detect default configuration classes for test class [com.globalcodingc.gcc.GccApplicationTests]: GccApplicationTests does not declare any static, non-private, non-final, nested classes annotated with @Configuration.
18:17:38.924 [main] INFO org.springframework.boot.test.context.SpringBootTestContextBootstrapper -- Found @SpringBootConfiguration com.globalcodingc.gcc.GccApplication for test class com.globalcodingc.gcc.GccApplicationTests

  .   ____          _            __ _ _
 /\\ / ___'_ __ _ _(_)_ __  __ _ \ \ \ \
( ( )\___ | '_ | '_| | '_ \/ _` | \ \ \ \
 \\/  ___)| |_)| | | | | || (_| |  ) ) ) )
  '  |____| .__|_| |_|_| |_\__, | / / / /
 =========|_|==============|___/=/_/_/_/
 :: Spring Boot ::                (v3.1.5)

2023-11-18T18:17:39.306+05:30  WARN 19796 --- [           main] ory$DuplicateJsonObjectContextCustomizer : 

Found multiple occurrences of org.json.JSONObject on the class path:

	jar:file:/C:/Users/balah/.m2/repository/org/json/json/20230618/json-20230618.jar!/org/json/JSONObject.class
	jar:file:/C:/Users/balah/.m2/repository/com/vaadin/external/google/android-json/0.0.20131108.vaadin1/android-json-0.0.20131108.vaadin1.jar!/org/json/JSONObject.class

You may wish to exclude one of them to ensure predictable runtime behavior

2023-11-18T18:17:39.320+05:30  INFO 19796 --- [           main] c.globalcodingc.gcc.GccApplicationTests  : Starting GccApplicationTests using Java 17.0.6 with PID 19796 (started by balah in C:\Users\balah\Downloads\gcc\gcc)
2023-11-18T18:17:39.321+05:30  INFO 19796 --- [           main] c.globalcodingc.gcc.GccApplicationTests  : No active profile set, falling back to 1 default profile: "default"
2023-11-18T18:17:41.096+05:30  INFO 19796 --- [           main] c.globalcodingc.gcc.GccApplicationTests  : Started GccApplicationTests in 1.991 seconds (process running for 2.901)
]]></system-out>
  </testcase>
</testsuite>